<?xml version="1.0" encoding="UTF-8"?>
<!-- Generated by org.testng.reporters.JUnitReportReporter -->
<testsuite hostname="DESKTOP-0P130AG" failures="0" tests="5" name="StartFeb.NewFeb.BitCoinRestApiTestFeb" time="2.395" errors="0" timestamp="2025-02-09T17:50:54 IST" skipped="0">
  <testcase classname="StartFeb.NewFeb.BitCoinRestApiTestFeb" name="GBPDescription" time="0.600"/>
  <system-out/>
  <testcase classname="StartFeb.NewFeb.BitCoinRestApiTestFeb" name="SendGetRequest" time="0.234"/>
  <system-out/>
  <testcase classname="StartFeb.NewFeb.BitCoinRestApiTestFeb" name="VerifyResponseForCurrency" time="0.191"/>
  <system-out/>
  <testcase classname="StartFeb.NewFeb.BitCoinRestApiTestFeb" name="BitCoinResponseTime" time="0.207"/>
  <system-out/>
  <testcase classname="StartFeb.NewFeb.BitCoinRestApiTestFeb" name="BitCoinLogAllInfo" time="1.163"/>
  <system-out/>
</testsuite> <!-- StartFeb.NewFeb.BitCoinRestApiTestFeb -->
